<?xml version="1.0" encoding="UTF-8"?>
<beans xmlns="http://www.springframework.org/schema/beans" xmlns:jdbc="http://www.springframework.org/schema/jdbc"
    xmlns:xsi="http://www.w3.org/2001/XMLSchema-instance"
    xsi:schemaLocation="http://www.springframework.org/schema/beans http://www.springframework.org/schema/beans/spring-beans.xsd
		http://www.springframework.org/schema/jdbc http://www.springframework.org/schema/jdbc/spring-jdbc-3.0.xsd">

    <bean id="dataSource" class="org.springframework.jdbc.datasource.DriverManagerDataSource">
        <property name="driverClassName" value="org.postgresql.Driver" />
        <property name="url" value="jdbc:postgresql://localhost:5432/test_cdv_objcache" />
        <property name="username" value="testobjcache" />
        <property name="password" value="testobjcache" />
    </bean>

    <bean id="jdbcTemplate" class="org.springframework.jdbc.core.JdbcTemplate">
        <property name="dataSource" ref="dataSource" />
    </bean>

    <bean id="txTemplate" class="org.springframework.transaction.support.TransactionTemplate">
        <property name="transactionManager" ref="txManager" />
    </bean>

    <bean id="txManager" class="org.springframework.jdbc.datasource.DataSourceTransactionManager">
        <property name="dataSource" ref="dataSource" />
    </bean>

    <bean id="ObjCacheSerDerFactory" class="com.codeveo.objcache.impl.ObjCacheSerializerDeserializerFactoryImpl" />

    <bean id="objCacheService" class="com.codeveo.objcache.impl.ObjCacheServiceImpl">
        <constructor-arg ref="txTemplate" />
        <constructor-arg ref="jdbcTemplate" />
        <constructor-arg ref="ObjCacheSerDerFactory" />
    </bean>
</beans>